d:\desktop\долги\викентьева о.л\проектирование архитектуры программных систем 3к5с\работа\лр\logger\logger\x64\debug\vc143.pdb
d:\desktop\долги\викентьева о.л\проектирование архитектуры программных систем 3к5с\работа\лр\logger\logger\x64\debug\vc143.idb
d:\desktop\долги\викентьева о.л\проектирование архитектуры программных систем 3к5с\работа\лр\logger\logger\x64\debug\strategy.obj
d:\desktop\долги\викентьева о.л\проектирование архитектуры программных систем 3к5с\работа\лр\logger\logger\x64\debug\context.obj
d:\desktop\долги\викентьева о.л\проектирование архитектуры программных систем 3к5с\работа\лр\logger\logger\x64\debug\logger.obj
d:\desktop\долги\викентьева о.л\проектирование архитектуры программных систем 3к5с\работа\лр\logger\logger\x64\debug\timedfilelogger.obj
d:\desktop\долги\викентьева о.л\проектирование архитектуры программных систем 3к5с\работа\лр\logger\logger\x64\debug\simplefilelogger.obj
d:\desktop\долги\викентьева о.л\проектирование архитектуры программных систем 3к5с\работа\лр\logger\logger\x64\debug\consolelogger.obj
d:\desktop\долги\викентьева о.л\проектирование архитектуры программных систем 3к5с\работа\лр\logger\x64\debug\logger.pdb
d:\desktop\долги\викентьева о.л\проектирование архитектуры программных систем 3к5с\работа\лр\logger\logger\x64\debug\logger.tlog\cl.command.1.tlog
d:\desktop\долги\викентьева о.л\проектирование архитектуры программных систем 3к5с\работа\лр\logger\logger\x64\debug\logger.tlog\cl.read.1.tlog
d:\desktop\долги\викентьева о.л\проектирование архитектуры программных систем 3к5с\работа\лр\logger\logger\x64\debug\logger.tlog\cl.write.1.tlog
d:\desktop\долги\викентьева о.л\проектирование архитектуры программных систем 3к5с\работа\лр\logger\logger\x64\debug\logger.tlog\link-cvtres.read.1.tlog
d:\desktop\долги\викентьева о.л\проектирование архитектуры программных систем 3к5с\работа\лр\logger\logger\x64\debug\logger.tlog\link-cvtres.write.1.tlog
d:\desktop\долги\викентьева о.л\проектирование архитектуры программных систем 3к5с\работа\лр\logger\logger\x64\debug\logger.tlog\link-rc.read.1.tlog
d:\desktop\долги\викентьева о.л\проектирование архитектуры программных систем 3к5с\работа\лр\logger\logger\x64\debug\logger.tlog\link-rc.write.1.tlog
d:\desktop\долги\викентьева о.л\проектирование архитектуры программных систем 3к5с\работа\лр\logger\logger\x64\debug\logger.tlog\link.command.1.tlog
d:\desktop\долги\викентьева о.л\проектирование архитектуры программных систем 3к5с\работа\лр\logger\logger\x64\debug\logger.tlog\link.read.1.tlog
d:\desktop\долги\викентьева о.л\проектирование архитектуры программных систем 3к5с\работа\лр\logger\logger\x64\debug\logger.tlog\link.read.2.tlog
d:\desktop\долги\викентьева о.л\проектирование архитектуры программных систем 3к5с\работа\лр\logger\logger\x64\debug\logger.tlog\link.write.1.tlog
